[debug] [2025-09-30T13:07:40.414Z] No OAuth tokens found
[debug] [2025-09-30T13:07:40.419Z] No OAuth tokens found
[error] Failed to fetch Firebase Project from current Studio Workspace: Unable to refresh auth: not yet authenticated.
[debug] [2025-09-30T13:07:40.427Z] No OAuth tokens found
[debug] [2025-09-30T13:07:40.428Z] No OAuth tokens found
[error] Failed to fetch Firebase Project from current Studio Workspace: Unable to refresh auth: not yet authenticated.
[debug] [2025-09-30T13:10:13.199Z] No OAuth tokens found
[debug] [2025-09-30T13:10:13.203Z] No OAuth tokens found
[error] Failed to fetch Firebase Project from current Studio Workspace: Unable to refresh auth: not yet authenticated.
[debug] [2025-09-30T13:10:13.209Z] No OAuth tokens found
[debug] [2025-09-30T13:10:13.210Z] No OAuth tokens found
[error] Failed to fetch Firebase Project from current Studio Workspace: Unable to refresh auth: not yet authenticated.
[debug] [2025-09-30T13:25:59.133Z] No OAuth tokens found
[debug] [2025-09-30T13:25:59.137Z] No OAuth tokens found
[error] Failed to fetch Firebase Project from current Studio Workspace: Unable to refresh auth: not yet authenticated.
[debug] [2025-09-30T13:25:59.143Z] No OAuth tokens found
[debug] [2025-09-30T13:25:59.143Z] No OAuth tokens found
[error] Failed to fetch Firebase Project from current Studio Workspace: Unable to refresh auth: not yet authenticated.
[error] Failed to fetch Firebase Project from Studio Workspace because WORKSPACE_SLUG environment variable is empty
[error] Failed to fetch Firebase Project from Studio Workspace because WORKSPACE_SLUG environment variable is empty
[error] Failed to fetch Firebase Project from Studio Workspace because WORKSPACE_SLUG environment variable is empty
[error] Failed to fetch Firebase Project from Studio Workspace because WORKSPACE_SLUG environment variable is empty
[error] Failed to fetch Firebase Project from Studio Workspace because WORKSPACE_SLUG environment variable is empty
[error] Failed to fetch Firebase Project from Studio Workspace because WORKSPACE_SLUG environment variable is empty
[debug] [2025-09-30T15:22:17.150Z] > command requires scopes: ["email","openid","https://www.googleapis.com/auth/cloudplatformprojects.readonly","https://www.googleapis.com/auth/firebase","https://www.googleapis.com/auth/cloud-platform","https://www.googleapis.com/auth/userinfo.email"]
[error] Failed to fetch Firebase Project from Studio Workspace because WORKSPACE_SLUG environment variable is empty
[error] Failed to fetch Firebase Project from Studio Workspace because WORKSPACE_SLUG environment variable is empty
[error] Failed to fetch Firebase Project from Studio Workspace because WORKSPACE_SLUG environment variable is empty
[error] Failed to fetch Firebase Project from Studio Workspace because WORKSPACE_SLUG environment variable is empty
[error] Failed to fetch Firebase Project from Studio Workspace because WORKSPACE_SLUG environment variable is empty
[error] Failed to fetch Firebase Project from Studio Workspace because WORKSPACE_SLUG environment variable is empty
[debug] [2025-09-30T15:22:36.582Z] > command requires scopes: ["email","openid","https://www.googleapis.com/auth/cloudplatformprojects.readonly","https://www.googleapis.com/auth/firebase","https://www.googleapis.com/auth/cloud-platform","https://www.googleapis.com/auth/userinfo.email"]
[error] Failed to fetch Firebase Project from Studio Workspace because WORKSPACE_SLUG environment variable is empty
[error] Failed to fetch Firebase Project from Studio Workspace because WORKSPACE_SLUG environment variable is empty
[error] Failed to fetch Firebase Project from Studio Workspace because WORKSPACE_SLUG environment variable is empty
[error] Failed to fetch Firebase Project from Studio Workspace because WORKSPACE_SLUG environment variable is empty
[debug] [2025-09-30T15:22:36.644Z] > command requires scopes: ["email","openid","https://www.googleapis.com/auth/cloudplatformprojects.readonly","https://www.googleapis.com/auth/firebase","https://www.googleapis.com/auth/cloud-platform","https://www.googleapis.com/auth/userinfo.email"]
[error] Failed to fetch Firebase Project from Studio Workspace because WORKSPACE_SLUG environment variable is empty
[error] Failed to fetch Firebase Project from Studio Workspace because WORKSPACE_SLUG environment variable is empty
[error] Failed to fetch Firebase Project from Studio Workspace because WORKSPACE_SLUG environment variable is empty
[error] Failed to fetch Firebase Project from Studio Workspace because WORKSPACE_SLUG environment variable is empty
[debug] [2025-09-30T15:22:36.675Z] > command requires scopes: ["email","openid","https://www.googleapis.com/auth/cloudplatformprojects.readonly","https://www.googleapis.com/auth/firebase","https://www.googleapis.com/auth/cloud-platform","https://www.googleapis.com/auth/userinfo.email"]
[error] Failed to fetch Firebase Project from Studio Workspace because WORKSPACE_SLUG environment variable is empty
[error] Failed to fetch Firebase Project from Studio Workspace because WORKSPACE_SLUG environment variable is empty
[error] Failed to fetch Firebase Project from Studio Workspace because WORKSPACE_SLUG environment variable is empty
[debug] [2025-09-30T15:25:12.462Z] > command requires scopes: ["email","openid","https://www.googleapis.com/auth/cloudplatformprojects.readonly","https://www.googleapis.com/auth/firebase","https://www.googleapis.com/auth/cloud-platform","https://www.googleapis.com/auth/userinfo.email"]
[debug] [2025-09-30T15:25:12.479Z] >>> [apiv2][query] POST https://auth.firebase.tools/attest [none]
[debug] [2025-09-30T15:25:12.480Z] >>> [apiv2][body] POST https://auth.firebase.tools/attest {"session_id":"c0afb274-07ef-4f96-b910-fdeef6d08ada"}
[debug] [2025-09-30T15:25:12.848Z] <<< [apiv2][status] POST https://auth.firebase.tools/attest 200
[debug] [2025-09-30T15:25:12.848Z] <<< [apiv2][body] POST https://auth.firebase.tools/attest {"token":"206R_wBI61IPZoQ7DDcoihukcfwgMELsaeAOKOT7iSk"}
[error] Failed to fetch Firebase Project from Studio Workspace because WORKSPACE_SLUG environment variable is empty
[error] Failed to fetch Firebase Project from Studio Workspace because WORKSPACE_SLUG environment variable is empty
[debug] [2025-09-30T15:26:03.451Z] > command requires scopes: ["email","openid","https://www.googleapis.com/auth/cloudplatformprojects.readonly","https://www.googleapis.com/auth/firebase","https://www.googleapis.com/auth/cloud-platform","https://www.googleapis.com/auth/userinfo.email"]
[debug] [2025-09-30T15:26:03.463Z] >>> [apiv2][query] POST https://accounts.google.com/o/oauth2/token [none]
[debug] [2025-09-30T15:26:03.463Z] >>> [apiv2][body] POST https://accounts.google.com/o/oauth2/token [omitted]
[debug] [2025-09-30T15:26:03.526Z] <<< [apiv2][status] POST https://accounts.google.com/o/oauth2/token 200
[debug] [2025-09-30T15:26:03.526Z] <<< [apiv2][body] POST https://accounts.google.com/o/oauth2/token [omitted]
[error] Failed to fetch Firebase Project from Studio Workspace because WORKSPACE_SLUG environment variable is empty
[error] Failed to fetch Firebase Project from Studio Workspace because WORKSPACE_SLUG environment variable is empty
[debug] [2025-09-30T15:26:16.748Z] > command requires scopes: ["email","openid","https://www.googleapis.com/auth/cloudplatformprojects.readonly","https://www.googleapis.com/auth/firebase","https://www.googleapis.com/auth/cloud-platform","https://www.googleapis.com/auth/userinfo.email"]
[debug] [2025-09-30T15:26:16.748Z] > authorizing via signed-in user (techcrafthub03@gmail.com)
[debug] [2025-09-30T15:26:16.752Z] Checked if tokens are valid: true, expires at: 1759249562526
[debug] [2025-09-30T15:26:16.752Z] Checked if tokens are valid: true, expires at: 1759249562526
[debug] [2025-09-30T15:26:16.758Z] >>> [apiv2][query] GET https://firebase.googleapis.com/v1beta1/projects pageSize=1000
[debug] [2025-09-30T15:26:17.214Z] <<< [apiv2][status] GET https://firebase.googleapis.com/v1beta1/projects 200
[debug] [2025-09-30T15:26:17.215Z] <<< [apiv2][body] GET https://firebase.googleapis.com/v1beta1/projects [omitted]
[error] Failed to fetch Firebase Project from Studio Workspace because WORKSPACE_SLUG environment variable is empty
[error] Failed to fetch Firebase Project from Studio Workspace because WORKSPACE_SLUG environment variable is empty
[debug] [2025-09-30T15:26:25.303Z] > command requires scopes: ["email","openid","https://www.googleapis.com/auth/cloudplatformprojects.readonly","https://www.googleapis.com/auth/firebase","https://www.googleapis.com/auth/cloud-platform","https://www.googleapis.com/auth/userinfo.email"]
[debug] [2025-09-30T15:26:25.303Z] > authorizing via signed-in user (techcrafthub03@gmail.com)
[debug] [2025-09-30T15:26:25.310Z] Checked if tokens are valid: true, expires at: 1759249562526
[debug] [2025-09-30T15:26:25.311Z] Checked if tokens are valid: true, expires at: 1759249562526
[debug] [2025-09-30T15:26:25.311Z] >>> [apiv2][query] GET https://serviceusage.googleapis.com/v1/projects/todo-vibe-7a533/services/cloudresourcemanager.googleapis.com [none]
[debug] [2025-09-30T15:26:25.314Z] >>> [apiv2][(partial)header] GET https://serviceusage.googleapis.com/v1/projects/todo-vibe-7a533/services/cloudresourcemanager.googleapis.com x-goog-quota-user=projects/todo-vibe-7a533
[debug] [2025-09-30T15:26:26.531Z] <<< [apiv2][status] GET https://serviceusage.googleapis.com/v1/projects/todo-vibe-7a533/services/cloudresourcemanager.googleapis.com 200
[debug] [2025-09-30T15:26:26.532Z] <<< [apiv2][body] GET https://serviceusage.googleapis.com/v1/projects/todo-vibe-7a533/services/cloudresourcemanager.googleapis.com [omitted]
[debug] [2025-09-30T15:26:26.541Z] Checked if tokens are valid: true, expires at: 1759249562526
[debug] [2025-09-30T15:26:26.541Z] Checked if tokens are valid: true, expires at: 1759249562526
[debug] [2025-09-30T15:26:26.542Z] >>> [apiv2][query] GET https://cloudresourcemanager.googleapis.com/v1/projects/todo-vibe-7a533 [none]
[debug] [2025-09-30T15:26:27.348Z] <<< [apiv2][status] GET https://cloudresourcemanager.googleapis.com/v1/projects/todo-vibe-7a533 200
[debug] [2025-09-30T15:26:27.348Z] <<< [apiv2][body] GET https://cloudresourcemanager.googleapis.com/v1/projects/todo-vibe-7a533 {"projectNumber":"930166065949","projectId":"todo-vibe-7a533","lifecycleState":"ACTIVE","name":"todo-vibe","labels":{"firebase":"enabled","firebase-core":"disabled"},"createTime":"2025-09-30T07:17:44.582788Z"}
[info] Updating Studio Workspace active project to match Firebase CLI 'todo-vibe-7a533'
[error] Failed to update Firebase Project for Studio Workspace because WORKSPACE_SLUG environment variable is empty
[info] Now using project todo-vibe-7a533
[error] Failed to fetch Firebase Project from Studio Workspace because WORKSPACE_SLUG environment variable is empty
[error] Failed to fetch Firebase Project from Studio Workspace because WORKSPACE_SLUG environment variable is empty
[debug] [2025-09-30T15:27:13.170Z] > command requires scopes: ["email","openid","https://www.googleapis.com/auth/cloudplatformprojects.readonly","https://www.googleapis.com/auth/firebase","https://www.googleapis.com/auth/cloud-platform","https://www.googleapis.com/auth/userinfo.email"]
[debug] [2025-09-30T15:27:13.171Z] > authorizing via signed-in user (techcrafthub03@gmail.com)
[debug] [2025-09-30T15:27:13.175Z] Checked if tokens are valid: true, expires at: 1759249562526
[debug] [2025-09-30T15:27:13.176Z] Checked if tokens are valid: true, expires at: 1759249562526
[debug] [2025-09-30T15:27:13.177Z] >>> [apiv2][query] GET https://firebase.googleapis.com/v1beta1/projects/todo-vibe-7a533/webApps pageSize=100
[debug] [2025-09-30T15:27:13.483Z] <<< [apiv2][status] GET https://firebase.googleapis.com/v1beta1/projects/todo-vibe-7a533/webApps 200
[debug] [2025-09-30T15:27:13.483Z] <<< [apiv2][body] GET https://firebase.googleapis.com/v1beta1/projects/todo-vibe-7a533/webApps {}
[error] Failed to fetch Firebase Project from Studio Workspace because WORKSPACE_SLUG environment variable is empty
[error] Failed to fetch Firebase Project from Studio Workspace because WORKSPACE_SLUG environment variable is empty
[debug] [2025-09-30T15:28:12.748Z] > command requires scopes: ["email","openid","https://www.googleapis.com/auth/cloudplatformprojects.readonly","https://www.googleapis.com/auth/firebase","https://www.googleapis.com/auth/cloud-platform","https://www.googleapis.com/auth/userinfo.email"]
[debug] [2025-09-30T15:28:12.748Z] > authorizing via signed-in user (techcrafthub03@gmail.com)
[debug] [2025-09-30T15:28:12.749Z] Checked if tokens are valid: true, expires at: 1759249562526
[debug] [2025-09-30T15:28:12.750Z] Checked if tokens are valid: true, expires at: 1759249562526
[debug] [2025-09-30T15:28:12.750Z] >>> [apiv2][query] POST https://firebase.googleapis.com/v1beta1/projects/todo-vibe-7a533/webApps [none]
[debug] [2025-09-30T15:28:12.750Z] >>> [apiv2][body] POST https://firebase.googleapis.com/v1beta1/projects/todo-vibe-7a533/webApps {"displayName":"TodoVibe"}
[debug] [2025-09-30T15:28:14.240Z] <<< [apiv2][status] POST https://firebase.googleapis.com/v1beta1/projects/todo-vibe-7a533/webApps 200
[debug] [2025-09-30T15:28:14.242Z] <<< [apiv2][body] POST https://firebase.googleapis.com/v1beta1/projects/todo-vibe-7a533/webApps {"name":"operations/workflows/MDRjMTVjOWUtN2U1Zi00MWU1LWEyNmUtNWQ4MDY1MjI5OWZl"}
[debug] [2025-09-30T15:28:14.245Z] Checked if tokens are valid: true, expires at: 1759249562526
[debug] [2025-09-30T15:28:14.245Z] Checked if tokens are valid: true, expires at: 1759249562526
[debug] [2025-09-30T15:28:14.246Z] >>> [apiv2][query] GET https://firebase.googleapis.com/v1beta1/operations/workflows/MDRjMTVjOWUtN2U1Zi00MWU1LWEyNmUtNWQ4MDY1MjI5OWZl [none]
[debug] [2025-09-30T15:28:14.624Z] <<< [apiv2][status] GET https://firebase.googleapis.com/v1beta1/operations/workflows/MDRjMTVjOWUtN2U1Zi00MWU1LWEyNmUtNWQ4MDY1MjI5OWZl 200
[debug] [2025-09-30T15:28:14.624Z] <<< [apiv2][body] GET https://firebase.googleapis.com/v1beta1/operations/workflows/MDRjMTVjOWUtN2U1Zi00MWU1LWEyNmUtNWQ4MDY1MjI5OWZl {"name":"operations/workflows/MDRjMTVjOWUtN2U1Zi00MWU1LWEyNmUtNWQ4MDY1MjI5OWZl"}
[debug] [2025-09-30T15:28:15.126Z] [Create Web app Poller] Retrying task index 0
[debug] [2025-09-30T15:28:15.126Z] Checked if tokens are valid: true, expires at: 1759249562526
[debug] [2025-09-30T15:28:15.127Z] Checked if tokens are valid: true, expires at: 1759249562526
[debug] [2025-09-30T15:28:15.127Z] >>> [apiv2][query] GET https://firebase.googleapis.com/v1beta1/operations/workflows/MDRjMTVjOWUtN2U1Zi00MWU1LWEyNmUtNWQ4MDY1MjI5OWZl [none]
[debug] [2025-09-30T15:28:15.505Z] <<< [apiv2][status] GET https://firebase.googleapis.com/v1beta1/operations/workflows/MDRjMTVjOWUtN2U1Zi00MWU1LWEyNmUtNWQ4MDY1MjI5OWZl 200
[debug] [2025-09-30T15:28:15.506Z] <<< [apiv2][body] GET https://firebase.googleapis.com/v1beta1/operations/workflows/MDRjMTVjOWUtN2U1Zi00MWU1LWEyNmUtNWQ4MDY1MjI5OWZl {"name":"operations/workflows/MDRjMTVjOWUtN2U1Zi00MWU1LWEyNmUtNWQ4MDY1MjI5OWZl"}
[debug] [2025-09-30T15:28:16.506Z] [Create Web app Poller] Retrying task index 0
[debug] [2025-09-30T15:28:16.507Z] Checked if tokens are valid: true, expires at: 1759249562526
[debug] [2025-09-30T15:28:16.508Z] Checked if tokens are valid: true, expires at: 1759249562526
[debug] [2025-09-30T15:28:16.508Z] >>> [apiv2][query] GET https://firebase.googleapis.com/v1beta1/operations/workflows/MDRjMTVjOWUtN2U1Zi00MWU1LWEyNmUtNWQ4MDY1MjI5OWZl [none]
[debug] [2025-09-30T15:28:17.021Z] <<< [apiv2][status] GET https://firebase.googleapis.com/v1beta1/operations/workflows/MDRjMTVjOWUtN2U1Zi00MWU1LWEyNmUtNWQ4MDY1MjI5OWZl 200
[debug] [2025-09-30T15:28:17.021Z] <<< [apiv2][body] GET https://firebase.googleapis.com/v1beta1/operations/workflows/MDRjMTVjOWUtN2U1Zi00MWU1LWEyNmUtNWQ4MDY1MjI5OWZl {"name":"operations/workflows/MDRjMTVjOWUtN2U1Zi00MWU1LWEyNmUtNWQ4MDY1MjI5OWZl"}
[debug] [2025-09-30T15:28:19.021Z] [Create Web app Poller] Retrying task index 0
[debug] [2025-09-30T15:28:19.026Z] Checked if tokens are valid: true, expires at: 1759249562526
[debug] [2025-09-30T15:28:19.026Z] Checked if tokens are valid: true, expires at: 1759249562526
[debug] [2025-09-30T15:28:19.027Z] >>> [apiv2][query] GET https://firebase.googleapis.com/v1beta1/operations/workflows/MDRjMTVjOWUtN2U1Zi00MWU1LWEyNmUtNWQ4MDY1MjI5OWZl [none]
[debug] [2025-09-30T15:28:19.471Z] <<< [apiv2][status] GET https://firebase.googleapis.com/v1beta1/operations/workflows/MDRjMTVjOWUtN2U1Zi00MWU1LWEyNmUtNWQ4MDY1MjI5OWZl 200
[debug] [2025-09-30T15:28:19.473Z] <<< [apiv2][body] GET https://firebase.googleapis.com/v1beta1/operations/workflows/MDRjMTVjOWUtN2U1Zi00MWU1LWEyNmUtNWQ4MDY1MjI5OWZl {"name":"operations/workflows/MDRjMTVjOWUtN2U1Zi00MWU1LWEyNmUtNWQ4MDY1MjI5OWZl","done":true,"response":{"@type":"type.googleapis.com/google.firebase.service.v1beta1.WebApp","name":"projects/todo-vibe-7a533/webApps/1:930166065949:web:10c9e15389bb306371aff4","appId":"1:930166065949:web:10c9e15389bb306371aff4","displayName":"TodoVibe","projectId":"todo-vibe-7a533","webId":"NjQ2ZTQ0MTktYmJkNC00MGUwLWE1ODUtMDYyNzlmOTQ4OWY1","apiKeyId":"23337f78-6e9d-453e-a4d5-56eb69aff487","state":"ACTIVE","expireTime":"1970-01-01T00:00:00Z","etag":"1_778ce753-4e63-4efe-92b7-e91058396b87"}}
[error] Failed to fetch Firebase Project from Studio Workspace because WORKSPACE_SLUG environment variable is empty
[error] Failed to fetch Firebase Project from Studio Workspace because WORKSPACE_SLUG environment variable is empty
[debug] [2025-09-30T15:40:13.635Z] > command requires scopes: ["email","openid","https://www.googleapis.com/auth/cloudplatformprojects.readonly","https://www.googleapis.com/auth/firebase","https://www.googleapis.com/auth/cloud-platform","https://www.googleapis.com/auth/userinfo.email"]
[debug] [2025-09-30T15:40:13.635Z] > authorizing via signed-in user (techcrafthub03@gmail.com)
[debug] [2025-09-30T15:40:13.636Z] Checked if tokens are valid: true, expires at: 1759249562526
[debug] [2025-09-30T15:40:13.636Z] Checked if tokens are valid: true, expires at: 1759249562526
[debug] [2025-09-30T15:40:13.637Z] >>> [apiv2][query] GET https://firebase.googleapis.com/v1beta1/projects/todo-vibe-7a533:searchApps pageSize=100
[error] Failed to fetch Firebase Project from Studio Workspace because WORKSPACE_SLUG environment variable is empty
[error] Failed to fetch Firebase Project from Studio Workspace because WORKSPACE_SLUG environment variable is empty
[debug] [2025-09-30T15:40:13.675Z] > command requires scopes: ["email","openid","https://www.googleapis.com/auth/cloudplatformprojects.readonly","https://www.googleapis.com/auth/firebase","https://www.googleapis.com/auth/cloud-platform","https://www.googleapis.com/auth/userinfo.email"]
[debug] [2025-09-30T15:40:13.675Z] > authorizing via signed-in user (techcrafthub03@gmail.com)
[debug] [2025-09-30T15:40:13.676Z] Checked if tokens are valid: true, expires at: 1759249562526
[debug] [2025-09-30T15:40:13.676Z] Checked if tokens are valid: true, expires at: 1759249562526
[debug] [2025-09-30T15:40:13.678Z] >>> [apiv2][query] GET https://firebase.googleapis.com/v1beta1/projects/todo-vibe-7a533:searchApps pageSize=100
[debug] [2025-09-30T15:40:13.978Z] <<< [apiv2][status] GET https://firebase.googleapis.com/v1beta1/projects/todo-vibe-7a533:searchApps 200
[debug] [2025-09-30T15:40:13.979Z] <<< [apiv2][body] GET https://firebase.googleapis.com/v1beta1/projects/todo-vibe-7a533:searchApps {"apps":[{"name":"projects/todo-vibe-7a533/webApps/1:930166065949:web:10c9e15389bb306371aff4","displayName":"TodoVibe","platform":"WEB","appId":"1:930166065949:web:10c9e15389bb306371aff4","namespace":"NjQ2ZTQ0MTktYmJkNC00MGUwLWE1ODUtMDYyNzlmOTQ4OWY1","apiKeyId":"23337f78-6e9d-453e-a4d5-56eb69aff487","state":"ACTIVE","expireTime":"1970-01-01T00:00:00Z"}]}
[debug] [2025-09-30T15:40:13.979Z] Checked if tokens are valid: true, expires at: 1759249562526
[debug] [2025-09-30T15:40:13.979Z] Checked if tokens are valid: true, expires at: 1759249562526
[debug] [2025-09-30T15:40:13.980Z] >>> [apiv2][query] GET https://firebase.googleapis.com/v1beta1/projects/-/webApps/1:930166065949:web:10c9e15389bb306371aff4/config [none]
[debug] [2025-09-30T15:40:14.015Z] <<< [apiv2][status] GET https://firebase.googleapis.com/v1beta1/projects/todo-vibe-7a533:searchApps 200
[debug] [2025-09-30T15:40:14.015Z] <<< [apiv2][body] GET https://firebase.googleapis.com/v1beta1/projects/todo-vibe-7a533:searchApps {"apps":[{"name":"projects/todo-vibe-7a533/webApps/1:930166065949:web:10c9e15389bb306371aff4","displayName":"TodoVibe","platform":"WEB","appId":"1:930166065949:web:10c9e15389bb306371aff4","namespace":"NjQ2ZTQ0MTktYmJkNC00MGUwLWE1ODUtMDYyNzlmOTQ4OWY1","apiKeyId":"23337f78-6e9d-453e-a4d5-56eb69aff487","state":"ACTIVE","expireTime":"1970-01-01T00:00:00Z"}]}
[debug] [2025-09-30T15:40:14.020Z] Checked if tokens are valid: true, expires at: 1759249562526
[debug] [2025-09-30T15:40:14.020Z] Checked if tokens are valid: true, expires at: 1759249562526
[debug] [2025-09-30T15:40:14.020Z] >>> [apiv2][query] GET https://firebase.googleapis.com/v1beta1/projects/-/webApps/1:930166065949:web:10c9e15389bb306371aff4/config [none]
[debug] [2025-09-30T15:40:14.743Z] <<< [apiv2][status] GET https://firebase.googleapis.com/v1beta1/projects/-/webApps/1:930166065949:web:10c9e15389bb306371aff4/config 200
[debug] [2025-09-30T15:40:14.744Z] <<< [apiv2][body] GET https://firebase.googleapis.com/v1beta1/projects/-/webApps/1:930166065949:web:10c9e15389bb306371aff4/config {"projectId":"todo-vibe-7a533","appId":"1:930166065949:web:10c9e15389bb306371aff4","storageBucket":"todo-vibe-7a533.firebasestorage.app","apiKey":"AIzaSyDZUwHX7KahCiz4tu0AjrE6tVzpqSaa-Hg","authDomain":"todo-vibe-7a533.firebaseapp.com","messagingSenderId":"930166065949","measurementId":"G-0872EY1BTX"}
[debug] [2025-09-30T15:40:14.867Z] <<< [apiv2][status] GET https://firebase.googleapis.com/v1beta1/projects/-/webApps/1:930166065949:web:10c9e15389bb306371aff4/config 200
[debug] [2025-09-30T15:40:14.871Z] <<< [apiv2][body] GET https://firebase.googleapis.com/v1beta1/projects/-/webApps/1:930166065949:web:10c9e15389bb306371aff4/config {"projectId":"todo-vibe-7a533","appId":"1:930166065949:web:10c9e15389bb306371aff4","storageBucket":"todo-vibe-7a533.firebasestorage.app","apiKey":"AIzaSyDZUwHX7KahCiz4tu0AjrE6tVzpqSaa-Hg","authDomain":"todo-vibe-7a533.firebaseapp.com","messagingSenderId":"930166065949","measurementId":"G-0872EY1BTX"}
[error] Failed to fetch Firebase Project from Studio Workspace because WORKSPACE_SLUG environment variable is empty
[error] Failed to fetch Firebase Project from Studio Workspace because WORKSPACE_SLUG environment variable is empty
[debug] [2025-09-30T15:42:34.786Z] > command requires scopes: ["email","openid","https://www.googleapis.com/auth/cloudplatformprojects.readonly","https://www.googleapis.com/auth/firebase","https://www.googleapis.com/auth/cloud-platform","https://www.googleapis.com/auth/userinfo.email"]
[debug] [2025-09-30T15:42:34.786Z] > authorizing via signed-in user (techcrafthub03@gmail.com)
[debug] [2025-09-30T15:42:34.787Z] Checked if tokens are valid: true, expires at: 1759249562526
[debug] [2025-09-30T15:42:34.787Z] Checked if tokens are valid: true, expires at: 1759249562526
[debug] [2025-09-30T15:42:34.787Z] >>> [apiv2][query] GET https://firebase.googleapis.com/v1beta1/projects/todo-vibe-7a533/webApps pageSize=100
[error] Failed to fetch Firebase Project from Studio Workspace because WORKSPACE_SLUG environment variable is empty
[error] Failed to fetch Firebase Project from Studio Workspace because WORKSPACE_SLUG environment variable is empty
[debug] [2025-09-30T15:42:34.830Z] > command requires scopes: ["email","openid","https://www.googleapis.com/auth/cloudplatformprojects.readonly","https://www.googleapis.com/auth/firebase","https://www.googleapis.com/auth/cloud-platform","https://www.googleapis.com/auth/userinfo.email"]
[debug] [2025-09-30T15:42:34.833Z] > authorizing via signed-in user (techcrafthub03@gmail.com)
[debug] [2025-09-30T15:42:34.836Z] Checked if tokens are valid: true, expires at: 1759249562526
[debug] [2025-09-30T15:42:34.836Z] Checked if tokens are valid: true, expires at: 1759249562526
[debug] [2025-09-30T15:42:34.837Z] >>> [apiv2][query] GET https://firebase.googleapis.com/v1beta1/projects/todo-vibe-7a533/webApps pageSize=100
[debug] [2025-09-30T15:42:35.051Z] <<< [apiv2][status] GET https://firebase.googleapis.com/v1beta1/projects/todo-vibe-7a533/webApps 200
[debug] [2025-09-30T15:42:35.052Z] <<< [apiv2][body] GET https://firebase.googleapis.com/v1beta1/projects/todo-vibe-7a533/webApps {"apps":[{"name":"projects/todo-vibe-7a533/webApps/1:930166065949:web:10c9e15389bb306371aff4","appId":"1:930166065949:web:10c9e15389bb306371aff4","displayName":"TodoVibe","projectId":"todo-vibe-7a533","webId":"NjQ2ZTQ0MTktYmJkNC00MGUwLWE1ODUtMDYyNzlmOTQ4OWY1","apiKeyId":"23337f78-6e9d-453e-a4d5-56eb69aff487","state":"ACTIVE","expireTime":"1970-01-01T00:00:00Z","etag":"1_778ce753-4e63-4efe-92b7-e91058396b87"}]}
[debug] [2025-09-30T15:42:35.052Z] Checked if tokens are valid: true, expires at: 1759249562526
[debug] [2025-09-30T15:42:35.052Z] Checked if tokens are valid: true, expires at: 1759249562526
[debug] [2025-09-30T15:42:35.053Z] >>> [apiv2][query] GET https://firebase.googleapis.com/v1beta1/projects/-/webApps/1:930166065949:web:10c9e15389bb306371aff4/config [none]
[debug] [2025-09-30T15:42:35.069Z] <<< [apiv2][status] GET https://firebase.googleapis.com/v1beta1/projects/todo-vibe-7a533/webApps 200
[debug] [2025-09-30T15:42:35.069Z] <<< [apiv2][body] GET https://firebase.googleapis.com/v1beta1/projects/todo-vibe-7a533/webApps {"apps":[{"name":"projects/todo-vibe-7a533/webApps/1:930166065949:web:10c9e15389bb306371aff4","appId":"1:930166065949:web:10c9e15389bb306371aff4","displayName":"TodoVibe","projectId":"todo-vibe-7a533","webId":"NjQ2ZTQ0MTktYmJkNC00MGUwLWE1ODUtMDYyNzlmOTQ4OWY1","apiKeyId":"23337f78-6e9d-453e-a4d5-56eb69aff487","state":"ACTIVE","expireTime":"1970-01-01T00:00:00Z","etag":"1_778ce753-4e63-4efe-92b7-e91058396b87"}]}
[debug] [2025-09-30T15:42:35.069Z] Checked if tokens are valid: true, expires at: 1759249562526
[debug] [2025-09-30T15:42:35.069Z] Checked if tokens are valid: true, expires at: 1759249562526
[debug] [2025-09-30T15:42:35.069Z] >>> [apiv2][query] GET https://firebase.googleapis.com/v1beta1/projects/-/webApps/1:930166065949:web:10c9e15389bb306371aff4/config [none]
[debug] [2025-09-30T15:42:35.835Z] <<< [apiv2][status] GET https://firebase.googleapis.com/v1beta1/projects/-/webApps/1:930166065949:web:10c9e15389bb306371aff4/config 200
[debug] [2025-09-30T15:42:35.835Z] <<< [apiv2][body] GET https://firebase.googleapis.com/v1beta1/projects/-/webApps/1:930166065949:web:10c9e15389bb306371aff4/config {"projectId":"todo-vibe-7a533","appId":"1:930166065949:web:10c9e15389bb306371aff4","storageBucket":"todo-vibe-7a533.firebasestorage.app","apiKey":"AIzaSyDZUwHX7KahCiz4tu0AjrE6tVzpqSaa-Hg","authDomain":"todo-vibe-7a533.firebaseapp.com","messagingSenderId":"930166065949","measurementId":"G-0872EY1BTX"}
[debug] [2025-09-30T15:42:35.854Z] <<< [apiv2][status] GET https://firebase.googleapis.com/v1beta1/projects/-/webApps/1:930166065949:web:10c9e15389bb306371aff4/config 200
[debug] [2025-09-30T15:42:35.854Z] <<< [apiv2][body] GET https://firebase.googleapis.com/v1beta1/projects/-/webApps/1:930166065949:web:10c9e15389bb306371aff4/config {"projectId":"todo-vibe-7a533","appId":"1:930166065949:web:10c9e15389bb306371aff4","storageBucket":"todo-vibe-7a533.firebasestorage.app","apiKey":"AIzaSyDZUwHX7KahCiz4tu0AjrE6tVzpqSaa-Hg","authDomain":"todo-vibe-7a533.firebaseapp.com","messagingSenderId":"930166065949","measurementId":"G-0872EY1BTX"}
[error] Failed to fetch Firebase Project from Studio Workspace because WORKSPACE_SLUG environment variable is empty
[error] Failed to fetch Firebase Project from Studio Workspace because WORKSPACE_SLUG environment variable is empty
[debug] [2025-09-30T16:05:32.520Z] Checked if tokens are valid: true, expires at: 1759249562526
[debug] [2025-09-30T16:05:32.521Z] Checked if tokens are valid: true, expires at: 1759249562526
[debug] [2025-09-30T16:05:32.521Z] Checked if tokens are valid: true, expires at: 1759249562526
[debug] [2025-09-30T16:05:32.522Z] Checked if tokens are valid: true, expires at: 1759249562526
[debug] [2025-09-30T16:05:32.522Z] Checked if tokens are valid: true, expires at: 1759249562526
[debug] [2025-09-30T16:05:32.522Z] Checked if tokens are valid: true, expires at: 1759249562526
[debug] [2025-09-30T16:05:32.523Z] Checked if tokens are valid: true, expires at: 1759249562526
[debug] [2025-09-30T16:05:32.523Z] Checked if tokens are valid: true, expires at: 1759249562526
[debug] [2025-09-30T16:05:32.523Z] Checked if tokens are valid: true, expires at: 1759249562526
[debug] [2025-09-30T16:05:32.524Z] Checked if tokens are valid: true, expires at: 1759249562526
[debug] [2025-09-30T16:05:32.524Z] Checked if tokens are valid: true, expires at: 1759249562526
[debug] [2025-09-30T16:05:32.524Z] Checked if tokens are valid: true, expires at: 1759249562526
[debug] [2025-09-30T16:05:32.525Z] Checked if tokens are valid: true, expires at: 1759249562526
[debug] [2025-09-30T16:05:32.525Z] Checked if tokens are valid: true, expires at: 1759249562526
[debug] [2025-09-30T16:05:32.525Z] Checked if tokens are valid: true, expires at: 1759249562526
[debug] [2025-09-30T16:05:32.525Z] Checked if tokens are valid: true, expires at: 1759249562526
[debug] [2025-09-30T16:05:32.525Z] Checked if tokens are valid: true, expires at: 1759249562526
[debug] [2025-09-30T16:05:32.526Z] Checked if tokens are valid: true, expires at: 1759249562526
[debug] [2025-09-30T16:05:32.526Z] Checked if tokens are valid: true, expires at: 1759249562526
[debug] [2025-09-30T16:05:32.526Z] Checked if tokens are valid: true, expires at: 1759249562526
[debug] [2025-09-30T16:05:32.528Z] >>> [apiv2][query] GET https://serviceusage.googleapis.com/v1/projects/todo-vibe-7a533/services/ [none]
[debug] [2025-09-30T16:05:32.528Z] >>> [apiv2][(partial)header] GET https://serviceusage.googleapis.com/v1/projects/todo-vibe-7a533/services/ x-goog-quota-user=projects/todo-vibe-7a533
[debug] [2025-09-30T16:05:32.578Z] >>> [apiv2][query] GET https://serviceusage.googleapis.com/v1/projects/todo-vibe-7a533/services/firestore.googleapis.com [none]
[debug] [2025-09-30T16:05:32.578Z] >>> [apiv2][(partial)header] GET https://serviceusage.googleapis.com/v1/projects/todo-vibe-7a533/services/firestore.googleapis.com x-goog-quota-user=projects/todo-vibe-7a533
[debug] [2025-09-30T16:05:32.581Z] >>> [apiv2][query] GET https://serviceusage.googleapis.com/v1/projects/todo-vibe-7a533/services/storage.googleapis.com [none]
[debug] [2025-09-30T16:05:32.581Z] >>> [apiv2][(partial)header] GET https://serviceusage.googleapis.com/v1/projects/todo-vibe-7a533/services/storage.googleapis.com x-goog-quota-user=projects/todo-vibe-7a533
[debug] [2025-09-30T16:05:32.583Z] >>> [apiv2][query] GET https://serviceusage.googleapis.com/v1/projects/todo-vibe-7a533/services/firebasedataconnect.googleapis.com [none]
[debug] [2025-09-30T16:05:32.583Z] >>> [apiv2][(partial)header] GET https://serviceusage.googleapis.com/v1/projects/todo-vibe-7a533/services/firebasedataconnect.googleapis.com x-goog-quota-user=projects/todo-vibe-7a533
[debug] [2025-09-30T16:05:32.584Z] >>> [apiv2][query] GET https://serviceusage.googleapis.com/v1/projects/todo-vibe-7a533/services/identitytoolkit.googleapis.com [none]
[debug] [2025-09-30T16:05:32.584Z] >>> [apiv2][(partial)header] GET https://serviceusage.googleapis.com/v1/projects/todo-vibe-7a533/services/identitytoolkit.googleapis.com x-goog-quota-user=projects/todo-vibe-7a533
[debug] [2025-09-30T16:05:32.586Z] >>> [apiv2][query] GET https://serviceusage.googleapis.com/v1/projects/todo-vibe-7a533/services/fcm.googleapis.com [none]
[debug] [2025-09-30T16:05:32.586Z] >>> [apiv2][(partial)header] GET https://serviceusage.googleapis.com/v1/projects/todo-vibe-7a533/services/fcm.googleapis.com x-goog-quota-user=projects/todo-vibe-7a533
[debug] [2025-09-30T16:05:32.588Z] >>> [apiv2][query] GET https://serviceusage.googleapis.com/v1/projects/todo-vibe-7a533/services/firebaseremoteconfig.googleapis.com [none]
[debug] [2025-09-30T16:05:32.588Z] >>> [apiv2][(partial)header] GET https://serviceusage.googleapis.com/v1/projects/todo-vibe-7a533/services/firebaseremoteconfig.googleapis.com x-goog-quota-user=projects/todo-vibe-7a533
[debug] [2025-09-30T16:05:32.590Z] >>> [apiv2][query] GET https://serviceusage.googleapis.com/v1/projects/todo-vibe-7a533/services/firebasecrashlytics.googleapis.com [none]
[debug] [2025-09-30T16:05:32.590Z] >>> [apiv2][(partial)header] GET https://serviceusage.googleapis.com/v1/projects/todo-vibe-7a533/services/firebasecrashlytics.googleapis.com x-goog-quota-user=projects/todo-vibe-7a533
[debug] [2025-09-30T16:05:32.591Z] >>> [apiv2][query] GET https://serviceusage.googleapis.com/v1/projects/todo-vibe-7a533/services/firebaseapphosting.googleapis.com [none]
[debug] [2025-09-30T16:05:32.591Z] >>> [apiv2][(partial)header] GET https://serviceusage.googleapis.com/v1/projects/todo-vibe-7a533/services/firebaseapphosting.googleapis.com x-goog-quota-user=projects/todo-vibe-7a533
[debug] [2025-09-30T16:05:32.593Z] >>> [apiv2][query] GET https://serviceusage.googleapis.com/v1/projects/todo-vibe-7a533/services/firebaseio.com [none]
[debug] [2025-09-30T16:05:32.593Z] >>> [apiv2][(partial)header] GET https://serviceusage.googleapis.com/v1/projects/todo-vibe-7a533/services/firebaseio.com x-goog-quota-user=projects/todo-vibe-7a533
[error] Failed to fetch Firebase Project from Studio Workspace because WORKSPACE_SLUG environment variable is empty
[error] Failed to fetch Firebase Project from Studio Workspace because WORKSPACE_SLUG environment variable is empty
[debug] [2025-09-30T16:05:32.701Z] Checked if tokens are valid: true, expires at: 1759249562526
[debug] [2025-09-30T16:05:32.701Z] Checked if tokens are valid: true, expires at: 1759249562526
[debug] [2025-09-30T16:05:32.702Z] Checked if tokens are valid: true, expires at: 1759249562526
[debug] [2025-09-30T16:05:32.702Z] Checked if tokens are valid: true, expires at: 1759249562526
[debug] [2025-09-30T16:05:32.702Z] Checked if tokens are valid: true, expires at: 1759249562526
[debug] [2025-09-30T16:05:32.702Z] Checked if tokens are valid: true, expires at: 1759249562526
[debug] [2025-09-30T16:05:32.704Z] Checked if tokens are valid: true, expires at: 1759249562526
[debug] [2025-09-30T16:05:32.704Z] Checked if tokens are valid: true, expires at: 1759249562526
[debug] [2025-09-30T16:05:32.705Z] Checked if tokens are valid: true, expires at: 1759249562526
[debug] [2025-09-30T16:05:32.705Z] Checked if tokens are valid: true, expires at: 1759249562526
[debug] [2025-09-30T16:05:32.705Z] Checked if tokens are valid: true, expires at: 1759249562526
[debug] [2025-09-30T16:05:32.705Z] Checked if tokens are valid: true, expires at: 1759249562526
[debug] [2025-09-30T16:05:32.705Z] Checked if tokens are valid: true, expires at: 1759249562526
[debug] [2025-09-30T16:05:32.706Z] Checked if tokens are valid: true, expires at: 1759249562526
[debug] [2025-09-30T16:05:32.706Z] Checked if tokens are valid: true, expires at: 1759249562526
[debug] [2025-09-30T16:05:32.706Z] Checked if tokens are valid: true, expires at: 1759249562526
[debug] [2025-09-30T16:05:32.708Z] Checked if tokens are valid: true, expires at: 1759249562526
[debug] [2025-09-30T16:05:32.708Z] Checked if tokens are valid: true, expires at: 1759249562526
[debug] [2025-09-30T16:05:32.709Z] Checked if tokens are valid: true, expires at: 1759249562526
[debug] [2025-09-30T16:05:32.709Z] Checked if tokens are valid: true, expires at: 1759249562526
[debug] [2025-09-30T16:05:32.709Z] >>> [apiv2][query] GET https://serviceusage.googleapis.com/v1/projects/todo-vibe-7a533/services/ [none]
[debug] [2025-09-30T16:05:32.709Z] >>> [apiv2][(partial)header] GET https://serviceusage.googleapis.com/v1/projects/todo-vibe-7a533/services/ x-goog-quota-user=projects/todo-vibe-7a533
[debug] [2025-09-30T16:05:32.717Z] >>> [apiv2][query] GET https://serviceusage.googleapis.com/v1/projects/todo-vibe-7a533/services/firestore.googleapis.com [none]
[debug] [2025-09-30T16:05:32.718Z] >>> [apiv2][(partial)header] GET https://serviceusage.googleapis.com/v1/projects/todo-vibe-7a533/services/firestore.googleapis.com x-goog-quota-user=projects/todo-vibe-7a533
[debug] [2025-09-30T16:05:32.720Z] >>> [apiv2][query] GET https://serviceusage.googleapis.com/v1/projects/todo-vibe-7a533/services/storage.googleapis.com [none]
[debug] [2025-09-30T16:05:32.720Z] >>> [apiv2][(partial)header] GET https://serviceusage.googleapis.com/v1/projects/todo-vibe-7a533/services/storage.googleapis.com x-goog-quota-user=projects/todo-vibe-7a533
[debug] [2025-09-30T16:05:32.722Z] >>> [apiv2][query] GET https://serviceusage.googleapis.com/v1/projects/todo-vibe-7a533/services/firebasedataconnect.googleapis.com [none]
[debug] [2025-09-30T16:05:32.722Z] >>> [apiv2][(partial)header] GET https://serviceusage.googleapis.com/v1/projects/todo-vibe-7a533/services/firebasedataconnect.googleapis.com x-goog-quota-user=projects/todo-vibe-7a533
[debug] [2025-09-30T16:05:32.724Z] >>> [apiv2][query] GET https://serviceusage.googleapis.com/v1/projects/todo-vibe-7a533/services/identitytoolkit.googleapis.com [none]
[debug] [2025-09-30T16:05:32.725Z] >>> [apiv2][(partial)header] GET https://serviceusage.googleapis.com/v1/projects/todo-vibe-7a533/services/identitytoolkit.googleapis.com x-goog-quota-user=projects/todo-vibe-7a533
[debug] [2025-09-30T16:05:32.727Z] >>> [apiv2][query] GET https://serviceusage.googleapis.com/v1/projects/todo-vibe-7a533/services/fcm.googleapis.com [none]
[debug] [2025-09-30T16:05:32.727Z] >>> [apiv2][(partial)header] GET https://serviceusage.googleapis.com/v1/projects/todo-vibe-7a533/services/fcm.googleapis.com x-goog-quota-user=projects/todo-vibe-7a533
[debug] [2025-09-30T16:05:32.728Z] >>> [apiv2][query] GET https://serviceusage.googleapis.com/v1/projects/todo-vibe-7a533/services/firebaseremoteconfig.googleapis.com [none]
[debug] [2025-09-30T16:05:32.728Z] >>> [apiv2][(partial)header] GET https://serviceusage.googleapis.com/v1/projects/todo-vibe-7a533/services/firebaseremoteconfig.googleapis.com x-goog-quota-user=projects/todo-vibe-7a533
[debug] [2025-09-30T16:05:32.730Z] >>> [apiv2][query] GET https://serviceusage.googleapis.com/v1/projects/todo-vibe-7a533/services/firebasecrashlytics.googleapis.com [none]
[debug] [2025-09-30T16:05:32.730Z] >>> [apiv2][(partial)header] GET https://serviceusage.googleapis.com/v1/projects/todo-vibe-7a533/services/firebasecrashlytics.googleapis.com x-goog-quota-user=projects/todo-vibe-7a533
[debug] [2025-09-30T16:05:32.731Z] >>> [apiv2][query] GET https://serviceusage.googleapis.com/v1/projects/todo-vibe-7a533/services/firebaseapphosting.googleapis.com [none]
[debug] [2025-09-30T16:05:32.731Z] >>> [apiv2][(partial)header] GET https://serviceusage.googleapis.com/v1/projects/todo-vibe-7a533/services/firebaseapphosting.googleapis.com x-goog-quota-user=projects/todo-vibe-7a533
[debug] [2025-09-30T16:05:32.732Z] >>> [apiv2][query] GET https://serviceusage.googleapis.com/v1/projects/todo-vibe-7a533/services/firebaseio.com [none]
[debug] [2025-09-30T16:05:32.732Z] >>> [apiv2][(partial)header] GET https://serviceusage.googleapis.com/v1/projects/todo-vibe-7a533/services/firebaseio.com x-goog-quota-user=projects/todo-vibe-7a533
[debug] [2025-09-30T16:05:33.692Z] <<< [apiv2][status] GET https://serviceusage.googleapis.com/v1/projects/todo-vibe-7a533/services/firebaseio.com 403
[debug] [2025-09-30T16:05:33.695Z] <<< [apiv2][body] GET https://serviceusage.googleapis.com/v1/projects/todo-vibe-7a533/services/firebaseio.com [omitted]
[debug] [2025-09-30T16:05:33.718Z] <<< [apiv2][status] GET https://serviceusage.googleapis.com/v1/projects/todo-vibe-7a533/services/firebaseremoteconfig.googleapis.com 200
[debug] [2025-09-30T16:05:33.718Z] <<< [apiv2][body] GET https://serviceusage.googleapis.com/v1/projects/todo-vibe-7a533/services/firebaseremoteconfig.googleapis.com [omitted]
[debug] [2025-09-30T16:05:33.739Z] <<< [apiv2][status] GET https://serviceusage.googleapis.com/v1/projects/todo-vibe-7a533/services/firestore.googleapis.com 200
[debug] [2025-09-30T16:05:33.739Z] <<< [apiv2][body] GET https://serviceusage.googleapis.com/v1/projects/todo-vibe-7a533/services/firestore.googleapis.com [omitted]
[debug] [2025-09-30T16:05:33.761Z] <<< [apiv2][status] GET https://serviceusage.googleapis.com/v1/projects/todo-vibe-7a533/services/firebaseapphosting.googleapis.com 200
[debug] [2025-09-30T16:05:33.762Z] <<< [apiv2][body] GET https://serviceusage.googleapis.com/v1/projects/todo-vibe-7a533/services/firebaseapphosting.googleapis.com [omitted]
[debug] [2025-09-30T16:05:33.775Z] <<< [apiv2][status] GET https://serviceusage.googleapis.com/v1/projects/todo-vibe-7a533/services/firebasecrashlytics.googleapis.com 200
[debug] [2025-09-30T16:05:33.775Z] <<< [apiv2][body] GET https://serviceusage.googleapis.com/v1/projects/todo-vibe-7a533/services/firebasecrashlytics.googleapis.com [omitted]
[debug] [2025-09-30T16:05:33.776Z] <<< [apiv2][status] GET https://serviceusage.googleapis.com/v1/projects/todo-vibe-7a533/services/firebasedataconnect.googleapis.com 200
[debug] [2025-09-30T16:05:33.776Z] <<< [apiv2][body] GET https://serviceusage.googleapis.com/v1/projects/todo-vibe-7a533/services/firebasedataconnect.googleapis.com [omitted]
[debug] [2025-09-30T16:05:33.793Z] <<< [apiv2][status] GET https://serviceusage.googleapis.com/v1/projects/todo-vibe-7a533/services/firebaseio.com 403
[debug] [2025-09-30T16:05:33.793Z] <<< [apiv2][body] GET https://serviceusage.googleapis.com/v1/projects/todo-vibe-7a533/services/firebaseio.com [omitted]
[debug] [2025-09-30T16:05:33.804Z] <<< [apiv2][status] GET https://serviceusage.googleapis.com/v1/projects/todo-vibe-7a533/services/storage.googleapis.com 200
[debug] [2025-09-30T16:05:33.804Z] <<< [apiv2][body] GET https://serviceusage.googleapis.com/v1/projects/todo-vibe-7a533/services/storage.googleapis.com [omitted]
[debug] [2025-09-30T16:05:33.814Z] <<< [apiv2][status] GET https://serviceusage.googleapis.com/v1/projects/todo-vibe-7a533/services/identitytoolkit.googleapis.com 200
[debug] [2025-09-30T16:05:33.815Z] <<< [apiv2][body] GET https://serviceusage.googleapis.com/v1/projects/todo-vibe-7a533/services/identitytoolkit.googleapis.com [omitted]
[debug] [2025-09-30T16:05:33.828Z] <<< [apiv2][status] GET https://serviceusage.googleapis.com/v1/projects/todo-vibe-7a533/services/firebaseremoteconfig.googleapis.com 200
[debug] [2025-09-30T16:05:33.828Z] <<< [apiv2][body] GET https://serviceusage.googleapis.com/v1/projects/todo-vibe-7a533/services/firebaseremoteconfig.googleapis.com [omitted]
[debug] [2025-09-30T16:05:33.837Z] <<< [apiv2][status] GET https://serviceusage.googleapis.com/v1/projects/todo-vibe-7a533/services/fcm.googleapis.com 200
[debug] [2025-09-30T16:05:33.837Z] <<< [apiv2][body] GET https://serviceusage.googleapis.com/v1/projects/todo-vibe-7a533/services/fcm.googleapis.com [omitted]
[debug] [2025-09-30T16:05:33.845Z] <<< [apiv2][status] GET https://serviceusage.googleapis.com/v1/projects/todo-vibe-7a533/services/fcm.googleapis.com 200
[debug] [2025-09-30T16:05:33.846Z] <<< [apiv2][body] GET https://serviceusage.googleapis.com/v1/projects/todo-vibe-7a533/services/fcm.googleapis.com [omitted]
[debug] [2025-09-30T16:05:33.856Z] <<< [apiv2][status] GET https://serviceusage.googleapis.com/v1/projects/todo-vibe-7a533/services/storage.googleapis.com 200
[debug] [2025-09-30T16:05:33.858Z] <<< [apiv2][body] GET https://serviceusage.googleapis.com/v1/projects/todo-vibe-7a533/services/storage.googleapis.com [omitted]
[debug] [2025-09-30T16:05:33.878Z] <<< [apiv2][status] GET https://serviceusage.googleapis.com/v1/projects/todo-vibe-7a533/services/firestore.googleapis.com 200
[debug] [2025-09-30T16:05:33.879Z] <<< [apiv2][body] GET https://serviceusage.googleapis.com/v1/projects/todo-vibe-7a533/services/firestore.googleapis.com [omitted]
[debug] [2025-09-30T16:05:33.900Z] <<< [apiv2][status] GET https://serviceusage.googleapis.com/v1/projects/todo-vibe-7a533/services/identitytoolkit.googleapis.com 200
[debug] [2025-09-30T16:05:33.900Z] <<< [apiv2][body] GET https://serviceusage.googleapis.com/v1/projects/todo-vibe-7a533/services/identitytoolkit.googleapis.com [omitted]
[debug] [2025-09-30T16:05:33.919Z] <<< [apiv2][status] GET https://serviceusage.googleapis.com/v1/projects/todo-vibe-7a533/services/firebasecrashlytics.googleapis.com 200
[debug] [2025-09-30T16:05:33.919Z] <<< [apiv2][body] GET https://serviceusage.googleapis.com/v1/projects/todo-vibe-7a533/services/firebasecrashlytics.googleapis.com [omitted]
[debug] [2025-09-30T16:05:33.928Z] <<< [apiv2][status] GET https://serviceusage.googleapis.com/v1/projects/todo-vibe-7a533/services/firebaseapphosting.googleapis.com 200
[debug] [2025-09-30T16:05:33.928Z] <<< [apiv2][body] GET https://serviceusage.googleapis.com/v1/projects/todo-vibe-7a533/services/firebaseapphosting.googleapis.com [omitted]
[debug] [2025-09-30T16:05:33.929Z] <<< [apiv2][status] GET https://serviceusage.googleapis.com/v1/projects/todo-vibe-7a533/services/firebasedataconnect.googleapis.com 200
[debug] [2025-09-30T16:05:33.937Z] <<< [apiv2][body] GET https://serviceusage.googleapis.com/v1/projects/todo-vibe-7a533/services/firebasedataconnect.googleapis.com [omitted]
[debug] [2025-09-30T16:05:34.187Z] <<< [apiv2][status] GET https://serviceusage.googleapis.com/v1/projects/todo-vibe-7a533/services/ 200
[debug] [2025-09-30T16:05:34.187Z] <<< [apiv2][body] GET https://serviceusage.googleapis.com/v1/projects/todo-vibe-7a533/services/ [omitted]
[debug] [2025-09-30T16:05:34.209Z] <<< [apiv2][status] GET https://serviceusage.googleapis.com/v1/projects/todo-vibe-7a533/services/ 200
[debug] [2025-09-30T16:05:34.211Z] <<< [apiv2][body] GET https://serviceusage.googleapis.com/v1/projects/todo-vibe-7a533/services/ [omitted]
[error] Failed to fetch Firebase Project from Studio Workspace because WORKSPACE_SLUG environment variable is empty
[error] Failed to fetch Firebase Project from Studio Workspace because WORKSPACE_SLUG environment variable is empty
[debug] [2025-09-30T16:05:34.225Z] > command requires scopes: ["email","openid","https://www.googleapis.com/auth/cloudplatformprojects.readonly","https://www.googleapis.com/auth/firebase","https://www.googleapis.com/auth/cloud-platform","https://www.googleapis.com/auth/userinfo.email"]
[debug] [2025-09-30T16:05:34.226Z] > authorizing via signed-in user (techcrafthub03@gmail.com)
[error] Failed to fetch Firebase Project from Studio Workspace because WORKSPACE_SLUG environment variable is empty
[error] Failed to fetch Firebase Project from Studio Workspace because WORKSPACE_SLUG environment variable is empty
[debug] [2025-09-30T16:05:34.268Z] > command requires scopes: ["email","openid","https://www.googleapis.com/auth/cloudplatformprojects.readonly","https://www.googleapis.com/auth/firebase","https://www.googleapis.com/auth/cloud-platform","https://www.googleapis.com/auth/userinfo.email"]
[debug] [2025-09-30T16:05:34.271Z] > authorizing via signed-in user (techcrafthub03@gmail.com)
[error] Failed to fetch Firebase Project from Studio Workspace because WORKSPACE_SLUG environment variable is empty
[error] Failed to fetch Firebase Project from Studio Workspace because WORKSPACE_SLUG environment variable is empty
[debug] [2025-09-30T16:05:34.278Z] > command requires scopes: ["email","openid","https://www.googleapis.com/auth/cloudplatformprojects.readonly","https://www.googleapis.com/auth/firebase","https://www.googleapis.com/auth/cloud-platform","https://www.googleapis.com/auth/userinfo.email"]
[debug] [2025-09-30T16:05:34.279Z] > authorizing via signed-in user (techcrafthub03@gmail.com)
[error] Failed to fetch Firebase Project from Studio Workspace because WORKSPACE_SLUG environment variable is empty
[error] Failed to fetch Firebase Project from Studio Workspace because WORKSPACE_SLUG environment variable is empty
[debug] [2025-09-30T16:16:53.009Z] Checked if tokens are valid: false, expires at: 1759249562526
[debug] [2025-09-30T16:16:53.009Z] Checked if tokens are valid: false, expires at: 1759249562526
[debug] [2025-09-30T16:16:53.010Z] > refreshing access token with scopes: []
[debug] [2025-09-30T16:16:53.013Z] >>> [apiv2][query] POST https://www.googleapis.com/oauth2/v3/token [none]
[debug] [2025-09-30T16:16:53.013Z] >>> [apiv2][body] POST https://www.googleapis.com/oauth2/v3/token [omitted]
[debug] [2025-09-30T16:16:53.068Z] Checked if tokens are valid: false, expires at: 1759249562526
[debug] [2025-09-30T16:16:53.068Z] Checked if tokens are valid: false, expires at: 1759249562526
[debug] [2025-09-30T16:16:53.068Z] > refreshing access token with scopes: []
[debug] [2025-09-30T16:16:53.069Z] >>> [apiv2][query] POST https://www.googleapis.com/oauth2/v3/token [none]
[debug] [2025-09-30T16:16:53.069Z] >>> [apiv2][body] POST https://www.googleapis.com/oauth2/v3/token [omitted]
[debug] [2025-09-30T16:16:53.072Z] Checked if tokens are valid: false, expires at: 1759249562526
[debug] [2025-09-30T16:16:53.072Z] Checked if tokens are valid: false, expires at: 1759249562526
[debug] [2025-09-30T16:16:53.073Z] > refreshing access token with scopes: []
[debug] [2025-09-30T16:16:53.073Z] >>> [apiv2][query] POST https://www.googleapis.com/oauth2/v3/token [none]
[debug] [2025-09-30T16:16:53.074Z] >>> [apiv2][body] POST https://www.googleapis.com/oauth2/v3/token [omitted]
[debug] [2025-09-30T16:16:53.076Z] Checked if tokens are valid: false, expires at: 1759249562526
[debug] [2025-09-30T16:16:53.076Z] Checked if tokens are valid: false, expires at: 1759249562526
[debug] [2025-09-30T16:16:53.076Z] > refreshing access token with scopes: []
[debug] [2025-09-30T16:16:53.077Z] >>> [apiv2][query] POST https://www.googleapis.com/oauth2/v3/token [none]
[debug] [2025-09-30T16:16:53.077Z] >>> [apiv2][body] POST https://www.googleapis.com/oauth2/v3/token [omitted]
[debug] [2025-09-30T16:16:53.079Z] Checked if tokens are valid: false, expires at: 1759249562526
[debug] [2025-09-30T16:16:53.079Z] Checked if tokens are valid: false, expires at: 1759249562526
[debug] [2025-09-30T16:16:53.079Z] > refreshing access token with scopes: []
[debug] [2025-09-30T16:16:53.080Z] >>> [apiv2][query] POST https://www.googleapis.com/oauth2/v3/token [none]
[debug] [2025-09-30T16:16:53.080Z] >>> [apiv2][body] POST https://www.googleapis.com/oauth2/v3/token [omitted]
[error] Failed to fetch Firebase Project from Studio Workspace because WORKSPACE_SLUG environment variable is empty
[error] Failed to fetch Firebase Project from Studio Workspace because WORKSPACE_SLUG environment variable is empty
[debug] [2025-09-30T16:16:53.152Z] Checked if tokens are valid: false, expires at: 1759249562526
[debug] [2025-09-30T16:16:53.153Z] Checked if tokens are valid: false, expires at: 1759249562526
[debug] [2025-09-30T16:16:53.153Z] > refreshing access token with scopes: []
[debug] [2025-09-30T16:16:53.153Z] >>> [apiv2][query] POST https://www.googleapis.com/oauth2/v3/token [none]
[debug] [2025-09-30T16:16:53.153Z] >>> [apiv2][body] POST https://www.googleapis.com/oauth2/v3/token [omitted]
[debug] [2025-09-30T16:16:53.155Z] Checked if tokens are valid: false, expires at: 1759249562526
[debug] [2025-09-30T16:16:53.155Z] Checked if tokens are valid: false, expires at: 1759249562526
[debug] [2025-09-30T16:16:53.155Z] > refreshing access token with scopes: []
[debug] [2025-09-30T16:16:53.156Z] >>> [apiv2][query] POST https://www.googleapis.com/oauth2/v3/token [none]
[debug] [2025-09-30T16:16:53.156Z] >>> [apiv2][body] POST https://www.googleapis.com/oauth2/v3/token [omitted]
[debug] [2025-09-30T16:16:53.158Z] Checked if tokens are valid: false, expires at: 1759249562526
[debug] [2025-09-30T16:16:53.158Z] Checked if tokens are valid: false, expires at: 1759249562526
[debug] [2025-09-30T16:16:53.158Z] > refreshing access token with scopes: []
[debug] [2025-09-30T16:16:53.159Z] >>> [apiv2][query] POST https://www.googleapis.com/oauth2/v3/token [none]
[debug] [2025-09-30T16:16:53.159Z] >>> [apiv2][body] POST https://www.googleapis.com/oauth2/v3/token [omitted]
[debug] [2025-09-30T16:16:53.160Z] Checked if tokens are valid: false, expires at: 1759249562526
[debug] [2025-09-30T16:16:53.161Z] Checked if tokens are valid: false, expires at: 1759249562526
[debug] [2025-09-30T16:16:53.161Z] > refreshing access token with scopes: []
[debug] [2025-09-30T16:16:53.161Z] >>> [apiv2][query] POST https://www.googleapis.com/oauth2/v3/token [none]
[debug] [2025-09-30T16:16:53.161Z] >>> [apiv2][body] POST https://www.googleapis.com/oauth2/v3/token [omitted]
[debug] [2025-09-30T16:16:53.163Z] Checked if tokens are valid: false, expires at: 1759249562526
[debug] [2025-09-30T16:16:53.163Z] Checked if tokens are valid: false, expires at: 1759249562526
[debug] [2025-09-30T16:16:53.163Z] > refreshing access token with scopes: []
[debug] [2025-09-30T16:16:53.164Z] >>> [apiv2][query] POST https://www.googleapis.com/oauth2/v3/token [none]
[debug] [2025-09-30T16:16:53.164Z] >>> [apiv2][body] POST https://www.googleapis.com/oauth2/v3/token [omitted]
[debug] [2025-09-30T16:16:53.216Z] <<< [apiv2][status] POST https://www.googleapis.com/oauth2/v3/token 200
[debug] [2025-09-30T16:16:53.216Z] <<< [apiv2][body] POST https://www.googleapis.com/oauth2/v3/token [omitted]
[debug] [2025-09-30T16:16:53.235Z] >>> [apiv2][query] GET https://serviceusage.googleapis.com/v1/projects/todo-vibe-7a533/services/firebasecrashlytics.googleapis.com [none]
[debug] [2025-09-30T16:16:53.236Z] >>> [apiv2][(partial)header] GET https://serviceusage.googleapis.com/v1/projects/todo-vibe-7a533/services/firebasecrashlytics.googleapis.com x-goog-quota-user=projects/todo-vibe-7a533
[debug] [2025-09-30T16:16:53.257Z] <<< [apiv2][status] POST https://www.googleapis.com/oauth2/v3/token 200
[debug] [2025-09-30T16:16:53.258Z] <<< [apiv2][body] POST https://www.googleapis.com/oauth2/v3/token [omitted]
[debug] [2025-09-30T16:16:53.273Z] >>> [apiv2][query] GET https://serviceusage.googleapis.com/v1/projects/todo-vibe-7a533/services/firebaseapphosting.googleapis.com [none]
[debug] [2025-09-30T16:16:53.274Z] >>> [apiv2][(partial)header] GET https://serviceusage.googleapis.com/v1/projects/todo-vibe-7a533/services/firebaseapphosting.googleapis.com x-goog-quota-user=projects/todo-vibe-7a533
[debug] [2025-09-30T16:16:53.282Z] <<< [apiv2][status] POST https://www.googleapis.com/oauth2/v3/token 200
[debug] [2025-09-30T16:16:53.282Z] <<< [apiv2][body] POST https://www.googleapis.com/oauth2/v3/token [omitted]
[debug] [2025-09-30T16:16:53.297Z] >>> [apiv2][query] GET https://serviceusage.googleapis.com/v1/projects/todo-vibe-7a533/services/firebasedataconnect.googleapis.com [none]
[debug] [2025-09-30T16:16:53.298Z] >>> [apiv2][(partial)header] GET https://serviceusage.googleapis.com/v1/projects/todo-vibe-7a533/services/firebasedataconnect.googleapis.com x-goog-quota-user=projects/todo-vibe-7a533
[debug] [2025-09-30T16:16:53.326Z] <<< [apiv2][status] POST https://www.googleapis.com/oauth2/v3/token 200
[debug] [2025-09-30T16:16:53.326Z] <<< [apiv2][body] POST https://www.googleapis.com/oauth2/v3/token [omitted]
[debug] [2025-09-30T16:16:53.344Z] >>> [apiv2][query] GET https://serviceusage.googleapis.com/v1/projects/todo-vibe-7a533/services/ [none]
[debug] [2025-09-30T16:16:53.344Z] >>> [apiv2][(partial)header] GET https://serviceusage.googleapis.com/v1/projects/todo-vibe-7a533/services/ x-goog-quota-user=projects/todo-vibe-7a533
[debug] [2025-09-30T16:16:53.346Z] <<< [apiv2][status] POST https://www.googleapis.com/oauth2/v3/token 200
[debug] [2025-09-30T16:16:53.346Z] <<< [apiv2][body] POST https://www.googleapis.com/oauth2/v3/token [omitted]
[debug] [2025-09-30T16:16:53.356Z] >>> [apiv2][query] GET https://serviceusage.googleapis.com/v1/projects/todo-vibe-7a533/services/firebaseapphosting.googleapis.com [none]
[debug] [2025-09-30T16:16:53.356Z] >>> [apiv2][(partial)header] GET https://serviceusage.googleapis.com/v1/projects/todo-vibe-7a533/services/firebaseapphosting.googleapis.com x-goog-quota-user=projects/todo-vibe-7a533
[debug] [2025-09-30T16:16:53.363Z] <<< [apiv2][status] POST https://www.googleapis.com/oauth2/v3/token 200
[debug] [2025-09-30T16:16:53.363Z] <<< [apiv2][body] POST https://www.googleapis.com/oauth2/v3/token [omitted]
[debug] [2025-09-30T16:16:53.380Z] >>> [apiv2][query] GET https://serviceusage.googleapis.com/v1/projects/todo-vibe-7a533/services/firebasecrashlytics.googleapis.com [none]
[debug] [2025-09-30T16:16:53.380Z] >>> [apiv2][(partial)header] GET https://serviceusage.googleapis.com/v1/projects/todo-vibe-7a533/services/firebasecrashlytics.googleapis.com x-goog-quota-user=projects/todo-vibe-7a533
[debug] [2025-09-30T16:16:53.389Z] <<< [apiv2][status] POST https://www.googleapis.com/oauth2/v3/token 200
[debug] [2025-09-30T16:16:53.389Z] <<< [apiv2][body] POST https://www.googleapis.com/oauth2/v3/token [omitted]
[debug] [2025-09-30T16:16:53.402Z] >>> [apiv2][query] GET https://serviceusage.googleapis.com/v1/projects/todo-vibe-7a533/services/firebaseio.com [none]
[debug] [2025-09-30T16:16:53.402Z] >>> [apiv2][(partial)header] GET https://serviceusage.googleapis.com/v1/projects/todo-vibe-7a533/services/firebaseio.com x-goog-quota-user=projects/todo-vibe-7a533
[debug] [2025-09-30T16:16:53.404Z] <<< [apiv2][status] POST https://www.googleapis.com/oauth2/v3/token 200
[debug] [2025-09-30T16:16:53.404Z] <<< [apiv2][body] POST https://www.googleapis.com/oauth2/v3/token [omitted]
[debug] [2025-09-30T16:16:53.414Z] >>> [apiv2][query] GET https://serviceusage.googleapis.com/v1/projects/todo-vibe-7a533/services/ [none]
[debug] [2025-09-30T16:16:53.414Z] >>> [apiv2][(partial)header] GET https://serviceusage.googleapis.com/v1/projects/todo-vibe-7a533/services/ x-goog-quota-user=projects/todo-vibe-7a533
[debug] [2025-09-30T16:16:53.441Z] <<< [apiv2][status] POST https://www.googleapis.com/oauth2/v3/token 200
[debug] [2025-09-30T16:16:53.443Z] <<< [apiv2][body] POST https://www.googleapis.com/oauth2/v3/token [omitted]
[debug] [2025-09-30T16:16:53.459Z] >>> [apiv2][query] GET https://serviceusage.googleapis.com/v1/projects/todo-vibe-7a533/services/firebaseio.com [none]
[debug] [2025-09-30T16:16:53.459Z] >>> [apiv2][(partial)header] GET https://serviceusage.googleapis.com/v1/projects/todo-vibe-7a533/services/firebaseio.com x-goog-quota-user=projects/todo-vibe-7a533
[debug] [2025-09-30T16:16:53.495Z] <<< [apiv2][status] POST https://www.googleapis.com/oauth2/v3/token 200
[debug] [2025-09-30T16:16:53.498Z] <<< [apiv2][body] POST https://www.googleapis.com/oauth2/v3/token [omitted]
[debug] [2025-09-30T16:16:53.513Z] >>> [apiv2][query] GET https://serviceusage.googleapis.com/v1/projects/todo-vibe-7a533/services/firebasedataconnect.googleapis.com [none]
[debug] [2025-09-30T16:16:53.513Z] >>> [apiv2][(partial)header] GET https://serviceusage.googleapis.com/v1/projects/todo-vibe-7a533/services/firebasedataconnect.googleapis.com x-goog-quota-user=projects/todo-vibe-7a533
[error] Failed to fetch Firebase Project from Studio Workspace because WORKSPACE_SLUG environment variable is empty
[error] Failed to fetch Firebase Project from Studio Workspace because WORKSPACE_SLUG environment variable is empty
[debug] [2025-09-30T16:16:54.000Z] Checked if tokens are valid: true, expires at: 1759252612498
[debug] [2025-09-30T16:16:54.001Z] Checked if tokens are valid: true, expires at: 1759252612498
[debug] [2025-09-30T16:16:54.003Z] Checked if tokens are valid: true, expires at: 1759252612498
[debug] [2025-09-30T16:16:54.003Z] Checked if tokens are valid: true, expires at: 1759252612498
[debug] [2025-09-30T16:16:54.003Z] Checked if tokens are valid: true, expires at: 1759252612498
[debug] [2025-09-30T16:16:54.003Z] Checked if tokens are valid: true, expires at: 1759252612498
[debug] [2025-09-30T16:16:54.004Z] Checked if tokens are valid: true, expires at: 1759252612498
[debug] [2025-09-30T16:16:54.004Z] Checked if tokens are valid: true, expires at: 1759252612498
[debug] [2025-09-30T16:16:54.004Z] Checked if tokens are valid: true, expires at: 1759252612498
[debug] [2025-09-30T16:16:54.004Z] Checked if tokens are valid: true, expires at: 1759252612498
[debug] [2025-09-30T16:16:54.004Z] >>> [apiv2][query] GET https://serviceusage.googleapis.com/v1/projects/todo-vibe-7a533/services/ [none]
[debug] [2025-09-30T16:16:54.004Z] >>> [apiv2][(partial)header] GET https://serviceusage.googleapis.com/v1/projects/todo-vibe-7a533/services/ x-goog-quota-user=projects/todo-vibe-7a533
[debug] [2025-09-30T16:16:54.007Z] >>> [apiv2][query] GET https://serviceusage.googleapis.com/v1/projects/todo-vibe-7a533/services/firebasedataconnect.googleapis.com [none]
[debug] [2025-09-30T16:16:54.007Z] >>> [apiv2][(partial)header] GET https://serviceusage.googleapis.com/v1/projects/todo-vibe-7a533/services/firebasedataconnect.googleapis.com x-goog-quota-user=projects/todo-vibe-7a533
[debug] [2025-09-30T16:16:54.010Z] >>> [apiv2][query] GET https://serviceusage.googleapis.com/v1/projects/todo-vibe-7a533/services/firebasecrashlytics.googleapis.com [none]
[debug] [2025-09-30T16:16:54.010Z] >>> [apiv2][(partial)header] GET https://serviceusage.googleapis.com/v1/projects/todo-vibe-7a533/services/firebasecrashlytics.googleapis.com x-goog-quota-user=projects/todo-vibe-7a533
[debug] [2025-09-30T16:16:54.013Z] >>> [apiv2][query] GET https://serviceusage.googleapis.com/v1/projects/todo-vibe-7a533/services/firebaseapphosting.googleapis.com [none]
[debug] [2025-09-30T16:16:54.013Z] >>> [apiv2][(partial)header] GET https://serviceusage.googleapis.com/v1/projects/todo-vibe-7a533/services/firebaseapphosting.googleapis.com x-goog-quota-user=projects/todo-vibe-7a533
[debug] [2025-09-30T16:16:54.015Z] >>> [apiv2][query] GET https://serviceusage.googleapis.com/v1/projects/todo-vibe-7a533/services/firebaseio.com [none]
[debug] [2025-09-30T16:16:54.016Z] >>> [apiv2][(partial)header] GET https://serviceusage.googleapis.com/v1/projects/todo-vibe-7a533/services/firebaseio.com x-goog-quota-user=projects/todo-vibe-7a533
[error] Failed to fetch Firebase Project from Studio Workspace because WORKSPACE_SLUG environment variable is empty
[error] Failed to fetch Firebase Project from Studio Workspace because WORKSPACE_SLUG environment variable is empty
[debug] [2025-09-30T16:16:54.024Z] Checked if tokens are valid: true, expires at: 1759252612498
[debug] [2025-09-30T16:16:54.024Z] Checked if tokens are valid: true, expires at: 1759252612498
[debug] [2025-09-30T16:16:54.025Z] Checked if tokens are valid: true, expires at: 1759252612498
[debug] [2025-09-30T16:16:54.025Z] Checked if tokens are valid: true, expires at: 1759252612498
[debug] [2025-09-30T16:16:54.027Z] Checked if tokens are valid: true, expires at: 1759252612498
[debug] [2025-09-30T16:16:54.027Z] Checked if tokens are valid: true, expires at: 1759252612498
[debug] [2025-09-30T16:16:54.027Z] Checked if tokens are valid: true, expires at: 1759252612498
[debug] [2025-09-30T16:16:54.027Z] Checked if tokens are valid: true, expires at: 1759252612498
[debug] [2025-09-30T16:16:54.028Z] Checked if tokens are valid: true, expires at: 1759252612498
[debug] [2025-09-30T16:16:54.028Z] Checked if tokens are valid: true, expires at: 1759252612498
[debug] [2025-09-30T16:16:54.028Z] >>> [apiv2][query] GET https://serviceusage.googleapis.com/v1/projects/todo-vibe-7a533/services/ [none]
[debug] [2025-09-30T16:16:54.028Z] >>> [apiv2][(partial)header] GET https://serviceusage.googleapis.com/v1/projects/todo-vibe-7a533/services/ x-goog-quota-user=projects/todo-vibe-7a533
[debug] [2025-09-30T16:16:54.030Z] >>> [apiv2][query] GET https://serviceusage.googleapis.com/v1/projects/todo-vibe-7a533/services/firebasedataconnect.googleapis.com [none]
[debug] [2025-09-30T16:16:54.030Z] >>> [apiv2][(partial)header] GET https://serviceusage.googleapis.com/v1/projects/todo-vibe-7a533/services/firebasedataconnect.googleapis.com x-goog-quota-user=projects/todo-vibe-7a533
[debug] [2025-09-30T16:16:54.032Z] >>> [apiv2][query] GET https://serviceusage.googleapis.com/v1/projects/todo-vibe-7a533/services/firebasecrashlytics.googleapis.com [none]
[debug] [2025-09-30T16:16:54.032Z] >>> [apiv2][(partial)header] GET https://serviceusage.googleapis.com/v1/projects/todo-vibe-7a533/services/firebasecrashlytics.googleapis.com x-goog-quota-user=projects/todo-vibe-7a533
[debug] [2025-09-30T16:16:54.034Z] >>> [apiv2][query] GET https://serviceusage.googleapis.com/v1/projects/todo-vibe-7a533/services/firebaseapphosting.googleapis.com [none]
[debug] [2025-09-30T16:16:54.034Z] >>> [apiv2][(partial)header] GET https://serviceusage.googleapis.com/v1/projects/todo-vibe-7a533/services/firebaseapphosting.googleapis.com x-goog-quota-user=projects/todo-vibe-7a533
[debug] [2025-09-30T16:16:54.035Z] >>> [apiv2][query] GET https://serviceusage.googleapis.com/v1/projects/todo-vibe-7a533/services/firebaseio.com [none]
[debug] [2025-09-30T16:16:54.035Z] >>> [apiv2][(partial)header] GET https://serviceusage.googleapis.com/v1/projects/todo-vibe-7a533/services/firebaseio.com x-goog-quota-user=projects/todo-vibe-7a533
[debug] [2025-09-30T16:16:54.321Z] <<< [apiv2][status] GET https://serviceusage.googleapis.com/v1/projects/todo-vibe-7a533/services/firebasecrashlytics.googleapis.com 200
[debug] [2025-09-30T16:16:54.321Z] <<< [apiv2][body] GET https://serviceusage.googleapis.com/v1/projects/todo-vibe-7a533/services/firebasecrashlytics.googleapis.com [omitted]
[debug] [2025-09-30T16:16:54.344Z] <<< [apiv2][status] GET https://serviceusage.googleapis.com/v1/projects/todo-vibe-7a533/services/firebaseapphosting.googleapis.com 200
[debug] [2025-09-30T16:16:54.347Z] <<< [apiv2][body] GET https://serviceusage.googleapis.com/v1/projects/todo-vibe-7a533/services/firebaseapphosting.googleapis.com [omitted]
[debug] [2025-09-30T16:16:54.366Z] <<< [apiv2][status] GET https://serviceusage.googleapis.com/v1/projects/todo-vibe-7a533/services/firebasedataconnect.googleapis.com 200
[debug] [2025-09-30T16:16:54.366Z] <<< [apiv2][body] GET https://serviceusage.googleapis.com/v1/projects/todo-vibe-7a533/services/firebasedataconnect.googleapis.com [omitted]
[debug] [2025-09-30T16:16:54.438Z] <<< [apiv2][status] GET https://serviceusage.googleapis.com/v1/projects/todo-vibe-7a533/services/firebaseio.com 403
[debug] [2025-09-30T16:16:54.439Z] <<< [apiv2][body] GET https://serviceusage.googleapis.com/v1/projects/todo-vibe-7a533/services/firebaseio.com [omitted]
[debug] [2025-09-30T16:16:54.465Z] <<< [apiv2][status] GET https://serviceusage.googleapis.com/v1/projects/todo-vibe-7a533/services/firebasecrashlytics.googleapis.com 200
[debug] [2025-09-30T16:16:54.465Z] <<< [apiv2][body] GET https://serviceusage.googleapis.com/v1/projects/todo-vibe-7a533/services/firebasecrashlytics.googleapis.com [omitted]
[debug] [2025-09-30T16:16:54.512Z] <<< [apiv2][status] GET https://serviceusage.googleapis.com/v1/projects/todo-vibe-7a533/services/firebaseio.com 403
[debug] [2025-09-30T16:16:54.512Z] <<< [apiv2][body] GET https://serviceusage.googleapis.com/v1/projects/todo-vibe-7a533/services/firebaseio.com [omitted]
[debug] [2025-09-30T16:16:54.518Z] <<< [apiv2][status] GET https://serviceusage.googleapis.com/v1/projects/todo-vibe-7a533/services/firebaseapphosting.googleapis.com 200
[debug] [2025-09-30T16:16:54.518Z] <<< [apiv2][body] GET https://serviceusage.googleapis.com/v1/projects/todo-vibe-7a533/services/firebaseapphosting.googleapis.com [omitted]
[debug] [2025-09-30T16:16:54.545Z] <<< [apiv2][status] GET https://serviceusage.googleapis.com/v1/projects/todo-vibe-7a533/services/firebasedataconnect.googleapis.com 200
[debug] [2025-09-30T16:16:54.546Z] <<< [apiv2][body] GET https://serviceusage.googleapis.com/v1/projects/todo-vibe-7a533/services/firebasedataconnect.googleapis.com [omitted]
[debug] [2025-09-30T16:16:54.871Z] <<< [apiv2][status] GET https://serviceusage.googleapis.com/v1/projects/todo-vibe-7a533/services/ 200
[debug] [2025-09-30T16:16:54.871Z] <<< [apiv2][body] GET https://serviceusage.googleapis.com/v1/projects/todo-vibe-7a533/services/ [omitted]
[debug] [2025-09-30T16:16:54.899Z] <<< [apiv2][status] GET https://serviceusage.googleapis.com/v1/projects/todo-vibe-7a533/services/ 200
[debug] [2025-09-30T16:16:54.900Z] <<< [apiv2][body] GET https://serviceusage.googleapis.com/v1/projects/todo-vibe-7a533/services/ [omitted]
[error] Failed to fetch Firebase Project from Studio Workspace because WORKSPACE_SLUG environment variable is empty
[error] Failed to fetch Firebase Project from Studio Workspace because WORKSPACE_SLUG environment variable is empty
[debug] [2025-09-30T16:16:54.910Z] > command requires scopes: ["email","openid","https://www.googleapis.com/auth/cloudplatformprojects.readonly","https://www.googleapis.com/auth/firebase","https://www.googleapis.com/auth/cloud-platform","https://www.googleapis.com/auth/userinfo.email"]
[debug] [2025-09-30T16:16:54.910Z] > authorizing via signed-in user (techcrafthub03@gmail.com)
[error] Failed to fetch Firebase Project from Studio Workspace because WORKSPACE_SLUG environment variable is empty
[error] Failed to fetch Firebase Project from Studio Workspace because WORKSPACE_SLUG environment variable is empty
[debug] [2025-09-30T16:16:54.938Z] > command requires scopes: ["email","openid","https://www.googleapis.com/auth/cloudplatformprojects.readonly","https://www.googleapis.com/auth/firebase","https://www.googleapis.com/auth/cloud-platform","https://www.googleapis.com/auth/userinfo.email"]
[debug] [2025-09-30T16:16:54.938Z] > authorizing via signed-in user (techcrafthub03@gmail.com)
[error] Failed to fetch Firebase Project from Studio Workspace because WORKSPACE_SLUG environment variable is empty
[error] Failed to fetch Firebase Project from Studio Workspace because WORKSPACE_SLUG environment variable is empty
[debug] [2025-09-30T16:16:54.952Z] > command requires scopes: ["email","openid","https://www.googleapis.com/auth/cloudplatformprojects.readonly","https://www.googleapis.com/auth/firebase","https://www.googleapis.com/auth/cloud-platform","https://www.googleapis.com/auth/userinfo.email"]
[debug] [2025-09-30T16:16:54.952Z] > authorizing via signed-in user (techcrafthub03@gmail.com)
[debug] [2025-09-30T16:16:55.040Z] <<< [apiv2][status] GET https://serviceusage.googleapis.com/v1/projects/todo-vibe-7a533/services/firebaseio.com 403
[debug] [2025-09-30T16:16:55.041Z] <<< [apiv2][body] GET https://serviceusage.googleapis.com/v1/projects/todo-vibe-7a533/services/firebaseio.com [omitted]
[debug] [2025-09-30T16:16:55.072Z] <<< [apiv2][status] GET https://serviceusage.googleapis.com/v1/projects/todo-vibe-7a533/services/firebaseio.com 403
[debug] [2025-09-30T16:16:55.072Z] <<< [apiv2][body] GET https://serviceusage.googleapis.com/v1/projects/todo-vibe-7a533/services/firebaseio.com [omitted]
[debug] [2025-09-30T16:16:55.109Z] <<< [apiv2][status] GET https://serviceusage.googleapis.com/v1/projects/todo-vibe-7a533/services/firebasecrashlytics.googleapis.com 200
[debug] [2025-09-30T16:16:55.110Z] <<< [apiv2][body] GET https://serviceusage.googleapis.com/v1/projects/todo-vibe-7a533/services/firebasecrashlytics.googleapis.com [omitted]
[debug] [2025-09-30T16:16:55.125Z] <<< [apiv2][status] GET https://serviceusage.googleapis.com/v1/projects/todo-vibe-7a533/services/firebasecrashlytics.googleapis.com 200
[debug] [2025-09-30T16:16:55.126Z] <<< [apiv2][body] GET https://serviceusage.googleapis.com/v1/projects/todo-vibe-7a533/services/firebasecrashlytics.googleapis.com [omitted]
[debug] [2025-09-30T16:16:55.135Z] <<< [apiv2][status] GET https://serviceusage.googleapis.com/v1/projects/todo-vibe-7a533/services/firebasedataconnect.googleapis.com 200
[debug] [2025-09-30T16:16:55.135Z] <<< [apiv2][body] GET https://serviceusage.googleapis.com/v1/projects/todo-vibe-7a533/services/firebasedataconnect.googleapis.com [omitted]
[debug] [2025-09-30T16:16:55.144Z] <<< [apiv2][status] GET https://serviceusage.googleapis.com/v1/projects/todo-vibe-7a533/services/firebasedataconnect.googleapis.com 200
[debug] [2025-09-30T16:16:55.144Z] <<< [apiv2][body] GET https://serviceusage.googleapis.com/v1/projects/todo-vibe-7a533/services/firebasedataconnect.googleapis.com [omitted]
[debug] [2025-09-30T16:16:55.157Z] <<< [apiv2][status] GET https://serviceusage.googleapis.com/v1/projects/todo-vibe-7a533/services/firebaseapphosting.googleapis.com 200
[debug] [2025-09-30T16:16:55.158Z] <<< [apiv2][body] GET https://serviceusage.googleapis.com/v1/projects/todo-vibe-7a533/services/firebaseapphosting.googleapis.com [omitted]
[debug] [2025-09-30T16:16:55.163Z] <<< [apiv2][status] GET https://serviceusage.googleapis.com/v1/projects/todo-vibe-7a533/services/firebaseapphosting.googleapis.com 200
[debug] [2025-09-30T16:16:55.163Z] <<< [apiv2][body] GET https://serviceusage.googleapis.com/v1/projects/todo-vibe-7a533/services/firebaseapphosting.googleapis.com [omitted]
[debug] [2025-09-30T16:16:55.420Z] <<< [apiv2][status] GET https://serviceusage.googleapis.com/v1/projects/todo-vibe-7a533/services/ 200
[debug] [2025-09-30T16:16:55.420Z] <<< [apiv2][body] GET https://serviceusage.googleapis.com/v1/projects/todo-vibe-7a533/services/ [omitted]
[error] Failed to fetch Firebase Project from Studio Workspace because WORKSPACE_SLUG environment variable is empty
[error] Failed to fetch Firebase Project from Studio Workspace because WORKSPACE_SLUG environment variable is empty
[debug] [2025-09-30T16:16:55.428Z] > command requires scopes: ["email","openid","https://www.googleapis.com/auth/cloudplatformprojects.readonly","https://www.googleapis.com/auth/firebase","https://www.googleapis.com/auth/cloud-platform","https://www.googleapis.com/auth/userinfo.email"]
[debug] [2025-09-30T16:16:55.428Z] > authorizing via signed-in user (techcrafthub03@gmail.com)
[debug] [2025-09-30T16:16:55.516Z] <<< [apiv2][status] GET https://serviceusage.googleapis.com/v1/projects/todo-vibe-7a533/services/ 200
[debug] [2025-09-30T16:16:55.517Z] <<< [apiv2][body] GET https://serviceusage.googleapis.com/v1/projects/todo-vibe-7a533/services/ [omitted]
[error] Failed to fetch Firebase Project from Studio Workspace because WORKSPACE_SLUG environment variable is empty
[error] Failed to fetch Firebase Project from Studio Workspace because WORKSPACE_SLUG environment variable is empty
[debug] [2025-09-30T16:16:55.524Z] > command requires scopes: ["email","openid","https://www.googleapis.com/auth/cloudplatformprojects.readonly","https://www.googleapis.com/auth/firebase","https://www.googleapis.com/auth/cloud-platform","https://www.googleapis.com/auth/userinfo.email"]
[debug] [2025-09-30T16:16:55.524Z] > authorizing via signed-in user (techcrafthub03@gmail.com)
